
12월 07, 2020 10:25:09.109 NEW SESSION
12월 07, 2020 10:25:09.109 [3748:19392:1207/102509.104:ERROR:device_event_log_impl.cc(211)] [10:25:09.104] USB: usb_device_handle_win.cc:1020 Failed to read descriptor from node connection: 시스템에 부착된 장치가 작동하지 않습니다. (0x1F)
12월 07, 2020 10:25:09.125 [3748:19392:1207/102509.104:ERROR:device_event_log_impl.cc(211)] [10:25:09.104] USB: usb_device_handle_win.cc:1020 Failed to read descriptor from node connection: 시스템에 부착된 장치가 작동하지 않습니다. (0x1F)
12월 07, 2020 10:35:04.504 [1207/103504.503:ERROR:directory_reader_win.cc(43)] FindFirstFile: 지정된 경로를 찾을 수 없습니다. (0x3)
12월 07, 2020 10:43:36.209 [3748:19392:1207/104336.208:ERROR:device_event_log_impl.cc(211)] [10:43:36.206] USB: usb_service_win.cc:258 Failed to get device driver name: 요소가 없습니다. (0x490)

12월 08, 2020 09:06:43.861 NEW SESSION
12월 08, 2020 09:06:43.861 [6944:17684:1208/090643.859:ERROR:device_event_log_impl.cc(211)] [09:06:43.859] USB: usb_device_handle_win.cc:1020 Failed to read descriptor from node connection: 시스템에 부착된 장치가 작동하지 않습니다. (0x1F)
12월 08, 2020 09:06:43.867 [6944:17684:1208/090643.859:ERROR:device_event_log_impl.cc(211)] [09:06:43.859] USB: usb_device_handle_win.cc:1020 Failed to read descriptor from node connection: 시스템에 부착된 장치가 작동하지 않습니다. (0x1F)
12월 08, 2020 09:07:31.742 [15508:9700:1208/090731.742:ERROR:device_event_log_impl.cc(211)] [09:07:31.742] USB: usb_device_handle_win.cc:1020 Failed to read descriptor from node connection: 시스템에 부착된 장치가 작동하지 않습니다. (0x1F)
12월 08, 2020 09:07:31.748 [15508:9700:1208/090731.742:ERROR:device_event_log_impl.cc(211)] [09:07:31.742] USB: usb_device_handle_win.cc:1020 Failed to read descriptor from node connection: 시스템에 부착된 장치가 작동하지 않습니다. (0x1F)
12월 08, 2020 09:08:10.375 [14648:11056:1208/090810.375:ERROR:device_event_log_impl.cc(211)] [09:08:10.375] USB: usb_device_handle_win.cc:1020 Failed to read descriptor from node connection: 시스템에 부착된 장치가 작동하지 않습니다. (0x1F)
12월 08, 2020 09:08:10.380 [14648:11056:1208/090810.375:ERROR:device_event_log_impl.cc(211)] [09:08:10.376] USB: usb_device_handle_win.cc:1020 Failed to read descriptor from node connection: 시스템에 부착된 장치가 작동하지 않습니다. (0x1F)
12월 08, 2020 09:13:56.96 [15204:4984:1208/091356.096:ERROR:device_event_log_impl.cc(211)] [09:13:56.095] USB: usb_device_handle_win.cc:1020 Failed to read descriptor from node connection: 시스템에 부착된 장치가 작동하지 않습니다. (0x1F)
12월 08, 2020 09:13:56.101 [15204:4984:1208/091356.096:ERROR:device_event_log_impl.cc(211)] [09:13:56.096] USB: usb_device_handle_win.cc:1020 Failed to read descriptor from node connection: 시스템에 부착된 장치가 작동하지 않습니다. (0x1F)
12월 08, 2020 09:23:48.740 [1208/092348.740:ERROR:directory_reader_win.cc(43)] FindFirstFile: 지정된 경로를 찾을 수 없습니다. (0x3)
12월 08, 2020 10:13:17.98 [15204:4984:1208/101317.096:ERROR:device_event_log_impl.cc(211)] [10:13:17.094] USB: usb_service_win.cc:258 Failed to get device driver name: 요소가 없습니다. (0x490)
12월 08, 2020 11:11:35.842 [15204:4984:1208/111135.842:ERROR:device_event_log_impl.cc(211)] [11:11:35.792] USB: usb_service_win.cc:258 Failed to get device driver name: 요소가 없습니다. (0x490)
12월 08, 2020 16:40:48.392 [15740:1236:1208/164048.392:ERROR:device_event_log_impl.cc(211)] [16:40:48.391] USB: usb_device_handle_win.cc:1020 Failed to read descriptor from node connection: 시스템에 부착된 장치가 작동하지 않습니다. (0x1F)
12월 08, 2020 16:40:48.397 [15740:1236:1208/164048.392:ERROR:device_event_log_impl.cc(211)] [16:40:48.391] USB: usb_device_handle_win.cc:1020 Failed to read descriptor from node connection: 시스템에 부착된 장치가 작동하지 않습니다. (0x1F)
12월 08, 2020 16:47:25.850 [9284:8028:1208/164725.850:ERROR:device_event_log_impl.cc(211)] [16:47:25.850] USB: usb_device_handle_win.cc:1020 Failed to read descriptor from node connection: 시스템에 부착된 장치가 작동하지 않습니다. (0x1F)
12월 08, 2020 16:47:25.856 [9284:8028:1208/164725.853:ERROR:device_event_log_impl.cc(211)] [16:47:25.854] USB: usb_device_handle_win.cc:1020 Failed to read descriptor from node connection: 시스템에 부착된 장치가 작동하지 않습니다. (0x1F)
12월 08, 2020 16:57:23.448 [1208/165723.447:ERROR:directory_reader_win.cc(43)] FindFirstFile: 지정된 경로를 찾을 수 없습니다. (0x3)

12월 09, 2020 11:11:26.441 NEW SESSION
12월 09, 2020 11:11:26.441 [2480:1312:1209/111126.439:ERROR:device_event_log_impl.cc(211)] [11:11:26.439] USB: usb_device_handle_win.cc:1020 Failed to read descriptor from node connection: 시스템에 부착된 장치가 작동하지 않습니다. (0x1F)
12월 09, 2020 11:11:26.441 [2480:1312:1209/111126.439:ERROR:device_event_log_impl.cc(211)] [11:11:26.440] USB: usb_device_handle_win.cc:1020 Failed to read descriptor from node connection: 시스템에 부착된 장치가 작동하지 않습니다. (0x1F)
12월 09, 2020 11:17:02.743 [352:13624:1209/111702.743:ERROR:device_event_log_impl.cc(211)] [11:17:02.744] USB: usb_device_handle_win.cc:1020 Failed to read descriptor from node connection: 시스템에 부착된 장치가 작동하지 않습니다. (0x1F)
12월 09, 2020 11:17:02.743 [352:13624:1209/111702.743:ERROR:device_event_log_impl.cc(211)] [11:17:02.744] USB: usb_device_handle_win.cc:1020 Failed to read descriptor from node connection: 시스템에 부착된 장치가 작동하지 않습니다. (0x1F)
12월 09, 2020 11:26:26.457 [11552:6300:1209/112626.457:ERROR:device_event_log_impl.cc(211)] [11:26:26.457] USB: usb_device_handle_win.cc:1020 Failed to read descriptor from node connection: 시스템에 부착된 장치가 작동하지 않습니다. (0x1F)
12월 09, 2020 11:26:26.458 [11552:6300:1209/112626.457:ERROR:device_event_log_impl.cc(211)] [11:26:26.457] USB: usb_device_handle_win.cc:1020 Failed to read descriptor from node connection: 시스템에 부착된 장치가 작동하지 않습니다. (0x1F)
12월 09, 2020 11:36:16.75 [1209/113616.074:ERROR:directory_reader_win.cc(43)] FindFirstFile: 지정된 경로를 찾을 수 없습니다. (0x3)
12월 09, 2020 13:13:40.956 [9916:292:1209/131340.956:ERROR:device_event_log_impl.cc(211)] [13:13:40.956] USB: usb_device_handle_win.cc:1020 Failed to read descriptor from node connection: 시스템에 부착된 장치가 작동하지 않습니다. (0x1F)
12월 09, 2020 13:13:40.957 [9916:292:1209/131340.956:ERROR:device_event_log_impl.cc(211)] [13:13:40.957] USB: usb_device_handle_win.cc:1020 Failed to read descriptor from node connection: 시스템에 부착된 장치가 작동하지 않습니다. (0x1F)
12월 09, 2020 13:28:17.948 [244:20460:1209/132817.948:ERROR:device_event_log_impl.cc(211)] [13:28:17.948] USB: usb_device_handle_win.cc:1020 Failed to read descriptor from node connection: 시스템에 부착된 장치가 작동하지 않습니다. (0x1F)
12월 09, 2020 13:28:17.948 [244:20460:1209/132817.948:ERROR:device_event_log_impl.cc(211)] [13:28:17.948] USB: usb_device_handle_win.cc:1020 Failed to read descriptor from node connection: 시스템에 부착된 장치가 작동하지 않습니다. (0x1F)
12월 09, 2020 13:38:11.578 [1209/133811.578:ERROR:directory_reader_win.cc(43)] FindFirstFile: 지정된 경로를 찾을 수 없습니다. (0x3)
12월 09, 2020 14:18:12.287 [8356:9408:1209/141812.286:ERROR:device_event_log_impl.cc(211)] [14:18:12.286] USB: usb_device_handle_win.cc:1020 Failed to read descriptor from node connection: 시스템에 부착된 장치가 작동하지 않습니다. (0x1F)
12월 09, 2020 14:18:12.287 [8356:9408:1209/141812.286:ERROR:device_event_log_impl.cc(211)] [14:18:12.287] USB: usb_device_handle_win.cc:1020 Failed to read descriptor from node connection: 시스템에 부착된 장치가 작동하지 않습니다. (0x1F)
12월 09, 2020 14:28:02.924 [1209/142802.923:ERROR:directory_reader_win.cc(43)] FindFirstFile: 지정된 경로를 찾을 수 없습니다. (0x3)
12월 09, 2020 15:06:18.77 [18212:19596:1209/150618.076:ERROR:device_event_log_impl.cc(211)] [15:06:18.076] USB: usb_device_handle_win.cc:1020 Failed to read descriptor from node connection: 시스템에 부착된 장치가 작동하지 않습니다. (0x1F)
12월 09, 2020 15:06:18.80 [18212:19596:1209/150618.079:ERROR:device_event_log_impl.cc(211)] [15:06:18.079] USB: usb_device_handle_win.cc:1020 Failed to read descriptor from node connection: 시스템에 부착된 장치가 작동하지 않습니다. (0x1F)
12월 09, 2020 15:12:54.446 [13844:17512:1209/151254.446:ERROR:device_event_log_impl.cc(211)] [15:12:54.446] USB: usb_device_handle_win.cc:1020 Failed to read descriptor from node connection: 시스템에 부착된 장치가 작동하지 않습니다. (0x1F)
12월 09, 2020 15:12:54.446 [13844:17512:1209/151254.446:ERROR:device_event_log_impl.cc(211)] [15:12:54.446] USB: usb_device_handle_win.cc:1020 Failed to read descriptor from node connection: 시스템에 부착된 장치가 작동하지 않습니다. (0x1F)
12월 09, 2020 15:22:51.50 [1209/152251.050:ERROR:directory_reader_win.cc(43)] FindFirstFile: 지정된 경로를 찾을 수 없습니다. (0x3)
12월 09, 2020 16:45:47.15 [6752:19760:1209/164547.015:ERROR:device_event_log_impl.cc(211)] [16:45:47.015] USB: usb_device_handle_win.cc:1020 Failed to read descriptor from node connection: 시스템에 부착된 장치가 작동하지 않습니다. (0x1F)
12월 09, 2020 16:45:47.16 [6752:19760:1209/164547.016:ERROR:device_event_log_impl.cc(211)] [16:45:47.016] USB: usb_device_handle_win.cc:1020 Failed to read descriptor from node connection: 시스템에 부착된 장치가 작동하지 않습니다. (0x1F)
12월 09, 2020 17:21:48.674 [2792:9280:1209/172148.674:ERROR:device_event_log_impl.cc(211)] [17:21:48.673] USB: usb_device_handle_win.cc:1020 Failed to read descriptor from node connection: 시스템에 부착된 장치가 작동하지 않습니다. (0x1F)
12월 09, 2020 17:21:48.674 [2792:9280:1209/172148.674:ERROR:device_event_log_impl.cc(211)] [17:21:48.673] USB: usb_device_handle_win.cc:1020 Failed to read descriptor from node connection: 시스템에 부착된 장치가 작동하지 않습니다. (0x1F)
12월 09, 2020 17:28:03.79 [19872:3272:1209/172803.079:ERROR:device_event_log_impl.cc(211)] [17:28:03.079] USB: usb_device_handle_win.cc:1020 Failed to read descriptor from node connection: 시스템에 부착된 장치가 작동하지 않습니다. (0x1F)
12월 09, 2020 17:28:03.79 [19872:3272:1209/172803.079:ERROR:device_event_log_impl.cc(211)] [17:28:03.079] USB: usb_device_handle_win.cc:1020 Failed to read descriptor from node connection: 시스템에 부착된 장치가 작동하지 않습니다. (0x1F)
12월 09, 2020 17:28:38.31 [19440:6928:1209/172838.030:ERROR:device_event_log_impl.cc(211)] [17:28:38.031] USB: usb_device_handle_win.cc:1020 Failed to read descriptor from node connection: 시스템에 부착된 장치가 작동하지 않습니다. (0x1F)
12월 09, 2020 17:28:38.31 [19440:6928:1209/172838.030:ERROR:device_event_log_impl.cc(211)] [17:28:38.031] USB: usb_device_handle_win.cc:1020 Failed to read descriptor from node connection: 시스템에 부착된 장치가 작동하지 않습니다. (0x1F)
12월 09, 2020 17:37:51.553 [10344:5984:1209/173751.553:ERROR:device_event_log_impl.cc(211)] [17:37:51.552] USB: usb_device_handle_win.cc:1020 Failed to read descriptor from node connection: 시스템에 부착된 장치가 작동하지 않습니다. (0x1F)
12월 09, 2020 17:37:51.553 [10344:5984:1209/173751.553:ERROR:device_event_log_impl.cc(211)] [17:37:51.553] USB: usb_device_handle_win.cc:1020 Failed to read descriptor from node connection: 시스템에 부착된 장치가 작동하지 않습니다. (0x1F)
12월 09, 2020 17:47:41.175 [1209/174741.174:ERROR:directory_reader_win.cc(43)] FindFirstFile: 지정된 경로를 찾을 수 없습니다. (0x3)
12월 10, 2020 08:57:29.679 [10344:5984:1210/085729.679:ERROR:device_event_log_impl.cc(211)] [08:57:29.216] USB: usb_service_win.cc:258 Failed to get device driver name: 요소가 없습니다. (0x490)
12월 10, 2020 09:04:11.277 [5780:16852:1210/090411.277:ERROR:device_event_log_impl.cc(211)] [09:04:11.277] USB: usb_device_handle_win.cc:1020 Failed to read descriptor from node connection: 시스템에 부착된 장치가 작동하지 않습니다. (0x1F)
12월 10, 2020 09:04:11.278 [5780:16852:1210/090411.277:ERROR:device_event_log_impl.cc(211)] [09:04:11.277] USB: usb_device_handle_win.cc:1020 Failed to read descriptor from node connection: 시스템에 부착된 장치가 작동하지 않습니다. (0x1F)
12월 10, 2020 09:14:00.874 [1210/091400.873:ERROR:directory_reader_win.cc(43)] FindFirstFile: 지정된 경로를 찾을 수 없습니다. (0x3)
12월 10, 2020 09:52:39.152 [14384:16124:1210/095239.152:ERROR:device_event_log_impl.cc(211)] [09:52:39.152] USB: usb_device_handle_win.cc:1020 Failed to read descriptor from node connection: 시스템에 부착된 장치가 작동하지 않습니다. (0x1F)
12월 10, 2020 09:52:39.152 [14384:16124:1210/095239.152:ERROR:device_event_log_impl.cc(211)] [09:52:39.152] USB: usb_device_handle_win.cc:1020 Failed to read descriptor from node connection: 시스템에 부착된 장치가 작동하지 않습니다. (0x1F)
12월 10, 2020 10:01:07.32 [14384:16124:1210/100107.032:ERROR:device_event_log_impl.cc(211)] [10:01:07.022] USB: usb_service_win.cc:258 Failed to get device driver name: 요소가 없습니다. (0x490)
12월 10, 2020 10:02:32.784 [1210/100232.783:ERROR:directory_reader_win.cc(43)] FindFirstFile: 지정된 경로를 찾을 수 없습니다. (0x3)

12월 11, 2020 09:59:23.512 NEW SESSION
12월 11, 2020 09:59:23.512 [10704:1464:1211/095923.510:ERROR:device_event_log_impl.cc(211)] [09:59:23.510] USB: usb_device_handle_win.cc:1020 Failed to read descriptor from node connection: 시스템에 부착된 장치가 작동하지 않습니다. (0x1F)
12월 11, 2020 09:59:23.513 [10704:1464:1211/095923.511:ERROR:device_event_log_impl.cc(211)] [09:59:23.511] USB: usb_device_handle_win.cc:1020 Failed to read descriptor from node connection: 시스템에 부착된 장치가 작동하지 않습니다. (0x1F)
12월 11, 2020 10:09:16.152 [1211/100916.150:ERROR:directory_reader_win.cc(43)] FindFirstFile: 지정된 경로를 찾을 수 없습니다. (0x3)
12월 11, 2020 10:17:22.518 [10704:1464:1211/101722.517:ERROR:device_event_log_impl.cc(211)] [10:17:22.517] USB: usb_service_win.cc:258 Failed to get device driver name: 요소가 없습니다. (0x490)
12월 11, 2020 16:28:11.683 [10704:13108:1211/162811.682:ERROR:mcs_client.cc(755)] Received close command, resetting connection.
12월 11, 2020 17:38:17.236 [10704:13108:1211/173817.235:ERROR:mcs_client.cc(755)] Received close command, resetting connection.

12월 14, 2020 13:26:44.480 NEW SESSION
12월 14, 2020 13:26:44.480 [7876:10012:1214/132644.478:ERROR:device_event_log_impl.cc(211)] [13:26:44.479] USB: usb_device_handle_win.cc:1020 Failed to read descriptor from node connection: 시스템에 부착된 장치가 작동하지 않습니다. (0x1F)
12월 14, 2020 13:26:44.507 [7876:10012:1214/132644.479:ERROR:device_event_log_impl.cc(211)] [13:26:44.479] USB: usb_device_handle_win.cc:1020 Failed to read descriptor from node connection: 시스템에 부착된 장치가 작동하지 않습니다. (0x1F)
12월 14, 2020 13:36:42.107 [1214/133642.107:ERROR:directory_reader_win.cc(43)] FindFirstFile: 지정된 경로를 찾을 수 없습니다. (0x3)

12월 15, 2020 17:17:56.946 NEW SESSION
12월 15, 2020 17:17:56.946 [15780:3200:1215/171756.938:ERROR:device_event_log_impl.cc(211)] [17:17:56.938] USB: usb_device_handle_win.cc:1020 Failed to read descriptor from node connection: 시스템에 부착된 장치가 작동하지 않습니다. (0x1F)
12월 15, 2020 17:17:56.952 [15780:3200:1215/171756.938:ERROR:device_event_log_impl.cc(211)] [17:17:56.938] USB: usb_device_handle_win.cc:1020 Failed to read descriptor from node connection: 시스템에 부착된 장치가 작동하지 않습니다. (0x1F)
12월 15, 2020 17:27:47.532 [1215/172747.530:ERROR:directory_reader_win.cc(43)] FindFirstFile: 지정된 경로를 찾을 수 없습니다. (0x3)
12월 15, 2020 18:00:47.539 [8828:12924:1215/180047.539:ERROR:device_event_log_impl.cc(211)] [18:00:47.539] USB: usb_device_handle_win.cc:1020 Failed to read descriptor from node connection: 시스템에 부착된 장치가 작동하지 않습니다. (0x1F)
12월 15, 2020 18:00:47.545 [8828:12924:1215/180047.539:ERROR:device_event_log_impl.cc(211)] [18:00:47.539] USB: usb_device_handle_win.cc:1020 Failed to read descriptor from node connection: 시스템에 부착된 장치가 작동하지 않습니다. (0x1F)
